Using pre-set license
Built from '2020.3/release' branch; Version is '2020.3.7f1 (dd97f2c94397) revision 14522354'; Using compiler version '192528614'; Build Type 'Release'
OS: 'Windows 10 Home; OS build 19044.1645; Version 2009; 64bit' Language: 'en' Physical Memory: 32699 MB
BatchMode: 1, IsHumanControllingUs: 0, StartBugReporterOnCrash: 0, Is64bit: 1, IsPro: 0

 COMMAND LINE ARGUMENTS:
C:\Program Files\Unity\Hub\Editor\2020.3.7f1\Editor\Unity.exe
-adb2
-batchMode
-noUpm
-name
AssetImportWorker0
-projectPath
G:/XR-Attentional-Visual-Field-Task/XR AVF
-logFile
Logs/AssetImportWorker0.log
-srvPort
61168
Successfully changed project path to: G:/XR-Attentional-Visual-Field-Task/XR AVF
G:/XR-Attentional-Visual-Field-Task/XR AVF
Using Asset Import Pipeline V2.
Refreshing native plugins compatible for Editor in 43.05 ms, found 5 plugins.
Preloading 0 native plugins for Editor in 0.00 ms.
Initialize engine version: 2020.3.7f1 (dd97f2c94397)
[Subsystems] Discovering subsystems at path C:/Program Files/Unity/Hub/Editor/2020.3.7f1/Editor/Data/Resources/UnitySubsystems
[Subsystems] Discovering subsystems at path G:/XR-Attentional-Visual-Field-Task/XR AVF/Assets
GfxDevice: creating device client; threaded=0
Direct3D:
    Version:  Direct3D 11.0 [level 11.1]
    Renderer: NVIDIA GeForce GTX 1070 Ti (ID=0x1b82)
    Vendor:   
    VRAM:     8079 MB
    Driver:   30.0.15.1215
Initialize mono
Mono path[0] = 'C:/Program Files/Unity/Hub/Editor/2020.3.7f1/Editor/Data/Managed'
Mono path[1] = 'C:/Program Files/Unity/Hub/Editor/2020.3.7f1/Editor/Data/MonoBleedingEdge/lib/mono/unityjit'
Mono config path = 'C:/Program Files/Unity/Hub/Editor/2020.3.7f1/Editor/Data/MonoBleedingEdge/etc'
Using monoOptions --debugger-agent=transport=dt_socket,embedding=1,server=y,suspend=n,address=127.0.0.1:56912
Begin MonoManager ReloadAssembly
Registering precompiled unity dll's ...
Register platform support module: C:/Program Files/Unity/Hub/Editor/2020.3.7f1/Editor/Data/PlaybackEngines/WindowsStandaloneSupport/UnityEditor.WindowsStandalone.Extensions.dll
Registered in 0.003128 seconds.
Native extension for WindowsStandalone target not found
Refreshing native plugins compatible for Editor in 34.03 ms, found 5 plugins.
Preloading 0 native plugins for Editor in 0.00 ms.
Mono: successfully reloaded assembly
- Completed reload, in  1.405 seconds
Platform modules already initialized, skipping
Registering precompiled user dll's ...
Registered in 0.004171 seconds.
Begin MonoManager ReloadAssembly
Native extension for WindowsStandalone target not found
Refreshing native plugins compatible for Editor in 33.83 ms, found 5 plugins.
Preloading 0 native plugins for Editor in 0.00 ms.
Mono: successfully reloaded assembly
- Completed reload, in  1.358 seconds
Platform modules already initialized, skipping
========================================================================
Worker process is ready to serve import requests
Launched and connected shader compiler UnityShaderCompiler.exe after 0.07 seconds
Refreshing native plugins compatible for Editor in 0.66 ms, found 5 plugins.
Preloading 0 native plugins for Editor in 0.00 ms.
Unloading 1603 Unused Serialized files (Serialized files now loaded: 0)
System memory in use before: 78.7 MB.
System memory in use after: 78.6 MB.

Unloading 29 unused Assets to reduce memory usage. Loaded Objects now: 2050.
Total: 2.498600 ms (FindLiveObjects: 0.221200 ms CreateObjectMapping: 0.040700 ms MarkObjects: 2.135900 ms  DeleteObjects: 0.099500 ms)

========================================================================
Received Import Request.
  path: Assets/Scripts/ExperimentController.cs
  artifactKey: Guid(3b778ec6a2983f846a53df0a9e78aa77) Importer(815301076,1909f56bfc062723c751e8b465ee728b)
Start importing Assets/Scripts/ExperimentController.cs using Guid(3b778ec6a2983f846a53df0a9e78aa77) Importer(815301076,1909f56bfc062723c751e8b465ee728b)  -> (artifact id: '0f5f51f6bdf3f9c543984ea25a2fbc3d') in 0.039989 seconds
  Import took 0.043013 seconds .

========================================================================
Received Import Request.
  Time since last request: 0.000233 seconds.
  path: Assets/Scripts/DataHolder.cs
  artifactKey: Guid(c5ae0f3f1145d374484097dce0c9c154) Importer(815301076,1909f56bfc062723c751e8b465ee728b)
Start importing Assets/Scripts/DataHolder.cs using Guid(c5ae0f3f1145d374484097dce0c9c154) Importer(815301076,1909f56bfc062723c751e8b465ee728b)  -> (artifact id: '357acc2cfe914d07698e40620cb82a8b') in 0.011246 seconds
  Import took 0.013868 seconds .

========================================================================
Received Prepare
Registering precompiled user dll's ...
Registered in 0.003958 seconds.
Begin MonoManager ReloadAssembly
Native extension for WindowsStandalone target not found
Refreshing native plugins compatible for Editor in 0.50 ms, found 5 plugins.
Preloading 0 native plugins for Editor in 0.00 ms.
Mono: successfully reloaded assembly
- Completed reload, in  1.066 seconds
Platform modules already initialized, skipping
Refreshing native plugins compatible for Editor in 0.47 ms, found 5 plugins.
Preloading 0 native plugins for Editor in 0.00 ms.
Unloading 1578 Unused Serialized files (Serialized files now loaded: 0)
System memory in use before: 76.8 MB.
System memory in use after: 76.9 MB.

Unloading 22 unused Assets to reduce memory usage. Loaded Objects now: 2054.
Total: 2.026600 ms (FindLiveObjects: 0.176000 ms CreateObjectMapping: 0.038200 ms MarkObjects: 1.755700 ms  DeleteObjects: 0.055800 ms)

========================================================================
Received Import Request.
  Time since last request: 29.871937 seconds.
  path: Assets/Scenes/Task Room.unity
  artifactKey: Guid(867c472f85e871840a3cbbf09bd8b997) Importer(815301076,1909f56bfc062723c751e8b465ee728b)
Start importing Assets/Scenes/Task Room.unity using Guid(867c472f85e871840a3cbbf09bd8b997) Importer(815301076,1909f56bfc062723c751e8b465ee728b)  -> (artifact id: '6b031bd1b06572d7155c4119adde0b98') in 0.025371 seconds
  Import took 0.028000 seconds .

AssetImportWorkerClient::OnTransportError - code=2 error=End of file
