Using pre-set license
Built from '2020.3/release' branch; Version is '2020.3.7f1 (dd97f2c94397) revision 14522354'; Using compiler version '192528614'; Build Type 'Release'
OS: 'Windows 10 Home; OS build 19044.1645; Version 2009; 64bit' Language: 'en' Physical Memory: 32699 MB
BatchMode: 1, IsHumanControllingUs: 0, StartBugReporterOnCrash: 0, Is64bit: 1, IsPro: 0

 COMMAND LINE ARGUMENTS:
C:\Program Files\Unity\Hub\Editor\2020.3.7f1\Editor\Unity.exe
-adb2
-batchMode
-noUpm
-name
AssetImportWorker0
-projectPath
G:/XR AVF
-logFile
Logs/AssetImportWorker0.log
-srvPort
56340
Successfully changed project path to: G:/XR AVF
G:/XR AVF
Using Asset Import Pipeline V2.
Refreshing native plugins compatible for Editor in 38.79 ms, found 5 plugins.
Preloading 0 native plugins for Editor in 0.00 ms.
Initialize engine version: 2020.3.7f1 (dd97f2c94397)
[Subsystems] Discovering subsystems at path C:/Program Files/Unity/Hub/Editor/2020.3.7f1/Editor/Data/Resources/UnitySubsystems
[Subsystems] Discovering subsystems at path G:/XR AVF/Assets
GfxDevice: creating device client; threaded=0
Direct3D:
    Version:  Direct3D 11.0 [level 11.1]
    Renderer: NVIDIA GeForce GTX 1070 Ti (ID=0x1b82)
    Vendor:   
    VRAM:     8079 MB
    Driver:   30.0.15.1215
Initialize mono
Mono path[0] = 'C:/Program Files/Unity/Hub/Editor/2020.3.7f1/Editor/Data/Managed'
Mono path[1] = 'C:/Program Files/Unity/Hub/Editor/2020.3.7f1/Editor/Data/MonoBleedingEdge/lib/mono/unityjit'
Mono config path = 'C:/Program Files/Unity/Hub/Editor/2020.3.7f1/Editor/Data/MonoBleedingEdge/etc'
Using monoOptions --debugger-agent=transport=dt_socket,embedding=1,server=y,suspend=n,address=127.0.0.1:56060
Begin MonoManager ReloadAssembly
Registering precompiled unity dll's ...
Register platform support module: C:/Program Files/Unity/Hub/Editor/2020.3.7f1/Editor/Data/PlaybackEngines/WindowsStandaloneSupport/UnityEditor.WindowsStandalone.Extensions.dll
Registered in 0.003021 seconds.
Native extension for WindowsStandalone target not found
Refreshing native plugins compatible for Editor in 33.42 ms, found 5 plugins.
Preloading 0 native plugins for Editor in 0.00 ms.
Mono: successfully reloaded assembly
- Completed reload, in  1.331 seconds
Platform modules already initialized, skipping
Registering precompiled user dll's ...
Registered in 0.003662 seconds.
Begin MonoManager ReloadAssembly
Native extension for WindowsStandalone target not found
Refreshing native plugins compatible for Editor in 36.30 ms, found 5 plugins.
Preloading 0 native plugins for Editor in 0.00 ms.
Mono: successfully reloaded assembly
- Completed reload, in  1.167 seconds
Platform modules already initialized, skipping
========================================================================
Worker process is ready to serve import requests
Launched and connected shader compiler UnityShaderCompiler.exe after 0.07 seconds
Refreshing native plugins compatible for Editor in 0.46 ms, found 5 plugins.
Preloading 0 native plugins for Editor in 0.00 ms.
Unloading 1603 Unused Serialized files (Serialized files now loaded: 0)
System memory in use before: 78.7 MB.
System memory in use after: 78.5 MB.

Unloading 29 unused Assets to reduce memory usage. Loaded Objects now: 2050.
Total: 2.399800 ms (FindLiveObjects: 0.184700 ms CreateObjectMapping: 0.037900 ms MarkObjects: 2.086300 ms  DeleteObjects: 0.089500 ms)

========================================================================
Received Import Request.
  path: Assets/Scripts/ExperimentController.cs
  artifactKey: Guid(3b778ec6a2983f846a53df0a9e78aa77) Importer(815301076,1909f56bfc062723c751e8b465ee728b)
Start importing Assets/Scripts/ExperimentController.cs using Guid(3b778ec6a2983f846a53df0a9e78aa77) Importer(815301076,1909f56bfc062723c751e8b465ee728b)  -> (artifact id: '2d96eb0a816b76d157b6ab8f84df9164') in 0.049817 seconds
  Import took 0.054339 seconds .

========================================================================
Received Prepare
Registering precompiled user dll's ...
Registered in 0.003465 seconds.
Begin MonoManager ReloadAssembly
Native extension for WindowsStandalone target not found
Refreshing native plugins compatible for Editor in 0.47 ms, found 5 plugins.
Preloading 0 native plugins for Editor in 0.00 ms.
Mono: successfully reloaded assembly
- Completed reload, in  0.990 seconds
Platform modules already initialized, skipping
Refreshing native plugins compatible for Editor in 0.47 ms, found 5 plugins.
Preloading 0 native plugins for Editor in 0.00 ms.
Unloading 1578 Unused Serialized files (Serialized files now loaded: 0)
System memory in use before: 76.7 MB.
System memory in use after: 76.8 MB.

Unloading 22 unused Assets to reduce memory usage. Loaded Objects now: 2054.
Total: 1.953100 ms (FindLiveObjects: 0.175100 ms CreateObjectMapping: 0.036700 ms MarkObjects: 1.685100 ms  DeleteObjects: 0.055400 ms)

========================================================================
Received Prepare
Registering precompiled user dll's ...
Registered in 0.004154 seconds.
Begin MonoManager ReloadAssembly
Native extension for WindowsStandalone target not found
Refreshing native plugins compatible for Editor in 0.47 ms, found 5 plugins.
Preloading 0 native plugins for Editor in 0.00 ms.
Mono: successfully reloaded assembly
- Completed reload, in  0.973 seconds
Platform modules already initialized, skipping
Refreshing native plugins compatible for Editor in 0.46 ms, found 5 plugins.
Preloading 0 native plugins for Editor in 0.00 ms.
Unloading 1578 Unused Serialized files (Serialized files now loaded: 0)
System memory in use before: 76.8 MB.
System memory in use after: 76.9 MB.

Unloading 22 unused Assets to reduce memory usage. Loaded Objects now: 2058.
Total: 2.181300 ms (FindLiveObjects: 0.234300 ms CreateObjectMapping: 0.036500 ms MarkObjects: 1.847500 ms  DeleteObjects: 0.061700 ms)

========================================================================
Received Import Request.
  Time since last request: 1684.249754 seconds.
  path: Assets/Scripts/StimulusImageCreator.cs
  artifactKey: Guid(0e83d80e6de3d00409a0ee7f3020b6af) Importer(815301076,1909f56bfc062723c751e8b465ee728b)
Start importing Assets/Scripts/StimulusImageCreator.cs using Guid(0e83d80e6de3d00409a0ee7f3020b6af) Importer(815301076,1909f56bfc062723c751e8b465ee728b)  -> (artifact id: '6ae9457f763c3fde0fb5d7fb5f5ac84c') in 0.015648 seconds
  Import took 0.019235 seconds .

========================================================================
Received Import Request.
  Time since last request: 0.005181 seconds.
  path: Assets/Scripts/StimulusImageCreator.cs
  artifactKey: Guid(0e83d80e6de3d00409a0ee7f3020b6af) Importer(815301076,1909f56bfc062723c751e8b465ee728b)
Start importing Assets/Scripts/StimulusImageCreator.cs using Guid(0e83d80e6de3d00409a0ee7f3020b6af) Importer(815301076,1909f56bfc062723c751e8b465ee728b)  -> (artifact id: '6ae9457f763c3fde0fb5d7fb5f5ac84c') in 0.008247 seconds
  Import took 0.011005 seconds .

========================================================================
Received Import Request.
  Time since last request: 0.400859 seconds.
  path: Assets/Scripts/ShapeModifier.cs
  artifactKey: Guid(3d6d78b60a35fc0499e352c9d5f00f97) Importer(815301076,1909f56bfc062723c751e8b465ee728b)
Start importing Assets/Scripts/ShapeModifier.cs using Guid(3d6d78b60a35fc0499e352c9d5f00f97) Importer(815301076,1909f56bfc062723c751e8b465ee728b)  -> (artifact id: '2fdb5b44f8ffd7ef4535545c2d6b2d13') in 0.013532 seconds
  Import took 0.016769 seconds .

========================================================================
Received Import Request.
  Time since last request: 0.003636 seconds.
  path: Assets/Scripts/ShapeModifier.cs
  artifactKey: Guid(3d6d78b60a35fc0499e352c9d5f00f97) Importer(815301076,1909f56bfc062723c751e8b465ee728b)
Start importing Assets/Scripts/ShapeModifier.cs using Guid(3d6d78b60a35fc0499e352c9d5f00f97) Importer(815301076,1909f56bfc062723c751e8b465ee728b)  -> (artifact id: '2fdb5b44f8ffd7ef4535545c2d6b2d13') in 0.009107 seconds
  Import took 0.011791 seconds .

========================================================================
Received Prepare
Registering precompiled user dll's ...
Registered in 0.004003 seconds.
Begin MonoManager ReloadAssembly
Native extension for WindowsStandalone target not found
Refreshing native plugins compatible for Editor in 0.63 ms, found 5 plugins.
Preloading 0 native plugins for Editor in 0.00 ms.
Mono: successfully reloaded assembly
- Completed reload, in  1.105 seconds
Platform modules already initialized, skipping
Refreshing native plugins compatible for Editor in 0.47 ms, found 5 plugins.
Preloading 0 native plugins for Editor in 0.00 ms.
Unloading 1578 Unused Serialized files (Serialized files now loaded: 0)
System memory in use before: 76.8 MB.
System memory in use after: 76.9 MB.

Unloading 22 unused Assets to reduce memory usage. Loaded Objects now: 2062.
Total: 1.988800 ms (FindLiveObjects: 0.177100 ms CreateObjectMapping: 0.037200 ms MarkObjects: 1.717800 ms  DeleteObjects: 0.055500 ms)

========================================================================
Received Prepare
Registering precompiled user dll's ...
Registered in 0.003711 seconds.
Begin MonoManager ReloadAssembly
Native extension for WindowsStandalone target not found
Refreshing native plugins compatible for Editor in 0.66 ms, found 5 plugins.
Preloading 0 native plugins for Editor in 0.00 ms.
Mono: successfully reloaded assembly
- Completed reload, in  0.977 seconds
Platform modules already initialized, skipping
Refreshing native plugins compatible for Editor in 0.48 ms, found 5 plugins.
Preloading 0 native plugins for Editor in 0.00 ms.
Unloading 1578 Unused Serialized files (Serialized files now loaded: 0)
System memory in use before: 76.8 MB.
System memory in use after: 76.9 MB.

Unloading 22 unused Assets to reduce memory usage. Loaded Objects now: 2066.
Total: 2.107100 ms (FindLiveObjects: 0.174700 ms CreateObjectMapping: 0.037500 ms MarkObjects: 1.838100 ms  DeleteObjects: 0.055300 ms)

========================================================================
Received Prepare
Registering precompiled user dll's ...
Registered in 0.004509 seconds.
Begin MonoManager ReloadAssembly
Native extension for WindowsStandalone target not found
Refreshing native plugins compatible for Editor in 0.50 ms, found 5 plugins.
Preloading 0 native plugins for Editor in 0.00 ms.
Mono: successfully reloaded assembly
- Completed reload, in  0.999 seconds
Platform modules already initialized, skipping
Refreshing native plugins compatible for Editor in 0.49 ms, found 5 plugins.
Preloading 0 native plugins for Editor in 0.00 ms.
Unloading 1578 Unused Serialized files (Serialized files now loaded: 0)
System memory in use before: 76.8 MB.
System memory in use after: 76.9 MB.

Unloading 22 unused Assets to reduce memory usage. Loaded Objects now: 2070.
Total: 2.152100 ms (FindLiveObjects: 0.180700 ms CreateObjectMapping: 0.037100 ms MarkObjects: 1.872100 ms  DeleteObjects: 0.060700 ms)

========================================================================
Received Import Request.
  Time since last request: 688.269875 seconds.
  path: Assets/Scenes/Task Room.unity
  artifactKey: Guid(867c472f85e871840a3cbbf09bd8b997) Importer(815301076,1909f56bfc062723c751e8b465ee728b)
Start importing Assets/Scenes/Task Room.unity using Guid(867c472f85e871840a3cbbf09bd8b997) Importer(815301076,1909f56bfc062723c751e8b465ee728b)  -> (artifact id: '40bc53b9a32758ec0723b602f5af484e') in 0.032730 seconds
  Import took 0.035670 seconds .

========================================================================
Received Prepare
Registering precompiled user dll's ...
Registered in 0.003580 seconds.
Begin MonoManager ReloadAssembly
Native extension for WindowsStandalone target not found
Refreshing native plugins compatible for Editor in 0.52 ms, found 5 plugins.
Preloading 0 native plugins for Editor in 0.00 ms.
Mono: successfully reloaded assembly
- Completed reload, in  0.983 seconds
Platform modules already initialized, skipping
Refreshing native plugins compatible for Editor in 0.61 ms, found 5 plugins.
Preloading 0 native plugins for Editor in 0.00 ms.
Unloading 1578 Unused Serialized files (Serialized files now loaded: 0)
System memory in use before: 76.9 MB.
System memory in use after: 76.9 MB.

Unloading 22 unused Assets to reduce memory usage. Loaded Objects now: 2074.
Total: 2.341700 ms (FindLiveObjects: 0.232400 ms CreateObjectMapping: 0.068100 ms MarkObjects: 1.975600 ms  DeleteObjects: 0.064400 ms)

========================================================================
Received Prepare
Registering precompiled user dll's ...
Registered in 0.004741 seconds.
Begin MonoManager ReloadAssembly
Native extension for WindowsStandalone target not found
Refreshing native plugins compatible for Editor in 0.48 ms, found 5 plugins.
Preloading 0 native plugins for Editor in 0.00 ms.
Mono: successfully reloaded assembly
- Completed reload, in  0.989 seconds
Platform modules already initialized, skipping
Refreshing native plugins compatible for Editor in 0.47 ms, found 5 plugins.
Preloading 0 native plugins for Editor in 0.00 ms.
Unloading 1578 Unused Serialized files (Serialized files now loaded: 0)
System memory in use before: 76.9 MB.
System memory in use after: 77.0 MB.

Unloading 22 unused Assets to reduce memory usage. Loaded Objects now: 2078.
Total: 2.261100 ms (FindLiveObjects: 0.178200 ms CreateObjectMapping: 0.036700 ms MarkObjects: 1.990400 ms  DeleteObjects: 0.054600 ms)

========================================================================
Received Prepare
Registering precompiled user dll's ...
Registered in 0.004453 seconds.
Begin MonoManager ReloadAssembly
Native extension for WindowsStandalone target not found
Refreshing native plugins compatible for Editor in 0.50 ms, found 5 plugins.
Preloading 0 native plugins for Editor in 0.00 ms.
Mono: successfully reloaded assembly
- Completed reload, in  1.056 seconds
Platform modules already initialized, skipping
Refreshing native plugins compatible for Editor in 0.50 ms, found 5 plugins.
Preloading 0 native plugins for Editor in 0.00 ms.
Unloading 1578 Unused Serialized files (Serialized files now loaded: 0)
System memory in use before: 76.9 MB.
System memory in use after: 77.0 MB.

Unloading 22 unused Assets to reduce memory usage. Loaded Objects now: 2082.
Total: 2.472600 ms (FindLiveObjects: 0.240400 ms CreateObjectMapping: 0.187000 ms MarkObjects: 1.979500 ms  DeleteObjects: 0.064500 ms)

========================================================================
Received Import Request.
  Time since last request: 2194.429038 seconds.
  path: Packages/com.unity.ide.rider
  artifactKey: Guid(ea5aa18a49e4f29d74984ea0ea11a238) Importer(815301076,1909f56bfc062723c751e8b465ee728b)
Start importing Packages/com.unity.ide.rider using Guid(ea5aa18a49e4f29d74984ea0ea11a238) Importer(815301076,1909f56bfc062723c751e8b465ee728b)  -> (artifact id: 'ef0b2a707210e76aa7880dce4296b228') in 0.015354 seconds
  Import took 0.018421 seconds .

========================================================================
Received Import Request.
  Time since last request: 2.205282 seconds.
  path: Packages/com.unity.ide.rider/package.json
  artifactKey: Guid(66c95bb3c74257f41bae2622511dc02d) Importer(815301076,1909f56bfc062723c751e8b465ee728b)
Start importing Packages/com.unity.ide.rider/package.json using Guid(66c95bb3c74257f41bae2622511dc02d) Importer(815301076,1909f56bfc062723c751e8b465ee728b)  -> (artifact id: '180c670cde55f988f4bee35293409fd4') in 0.032760 seconds
  Import took 0.035919 seconds .

========================================================================
Received Import Request.
  Time since last request: 184.554220 seconds.
  path: Assets/Scenes/Task Room.unity
  artifactKey: Guid(867c472f85e871840a3cbbf09bd8b997) Importer(815301076,1909f56bfc062723c751e8b465ee728b)
Start importing Assets/Scenes/Task Room.unity using Guid(867c472f85e871840a3cbbf09bd8b997) Importer(815301076,1909f56bfc062723c751e8b465ee728b)  -> (artifact id: 'e967ca50af2a885c406a6b3142c1c64a') in 0.016266 seconds
  Import took 0.019617 seconds .

========================================================================
Received Prepare
Registering precompiled user dll's ...
Registered in 0.003822 seconds.
Begin MonoManager ReloadAssembly
Native extension for WindowsStandalone target not found
Refreshing native plugins compatible for Editor in 0.72 ms, found 5 plugins.
Preloading 0 native plugins for Editor in 0.00 ms.
Mono: successfully reloaded assembly
- Completed reload, in  1.248 seconds
Platform modules already initialized, skipping
Refreshing native plugins compatible for Editor in 0.47 ms, found 5 plugins.
Preloading 0 native plugins for Editor in 0.00 ms.
Unloading 1578 Unused Serialized files (Serialized files now loaded: 0)
System memory in use before: 76.9 MB.
System memory in use after: 77.0 MB.

Unloading 22 unused Assets to reduce memory usage. Loaded Objects now: 2086.
Total: 2.672500 ms (FindLiveObjects: 0.241800 ms CreateObjectMapping: 0.046600 ms MarkObjects: 2.287300 ms  DeleteObjects: 0.095300 ms)

========================================================================
Received Prepare
Registering precompiled user dll's ...
Registered in 0.004324 seconds.
Begin MonoManager ReloadAssembly
Native extension for WindowsStandalone target not found
Refreshing native plugins compatible for Editor in 0.51 ms, found 5 plugins.
Preloading 0 native plugins for Editor in 0.00 ms.
Mono: successfully reloaded assembly
- Completed reload, in  1.143 seconds
Platform modules already initialized, skipping
Refreshing native plugins compatible for Editor in 0.49 ms, found 5 plugins.
Preloading 0 native plugins for Editor in 0.00 ms.
Unloading 1578 Unused Serialized files (Serialized files now loaded: 0)
System memory in use before: 76.9 MB.
System memory in use after: 77.0 MB.

Unloading 22 unused Assets to reduce memory usage. Loaded Objects now: 2090.
Total: 2.047100 ms (FindLiveObjects: 0.178600 ms CreateObjectMapping: 0.037700 ms MarkObjects: 1.774200 ms  DeleteObjects: 0.055500 ms)

========================================================================
Received Import Request.
  Time since last request: 519.577037 seconds.
  path: Packages/com.unity.xr.management/Editor/Unity.XR.Management.Editor.asmdef
  artifactKey: Guid(f9fe0089ec81f4079af78eb2287a6163) Importer(815301076,1909f56bfc062723c751e8b465ee728b)
Start importing Packages/com.unity.xr.management/Editor/Unity.XR.Management.Editor.asmdef using Guid(f9fe0089ec81f4079af78eb2287a6163) Importer(815301076,1909f56bfc062723c751e8b465ee728b)  -> (artifact id: 'bea04731eea6043aa873c38eae089e70') in 0.045458 seconds
  Import took 0.049025 seconds .

========================================================================
Received Import Request.
  Time since last request: 0.827763 seconds.
  path: Packages/com.unity.xr.management/package.json
  artifactKey: Guid(a8437ae6df3ab4de78c661f8e1148bbb) Importer(815301076,1909f56bfc062723c751e8b465ee728b)
Start importing Packages/com.unity.xr.management/package.json using Guid(a8437ae6df3ab4de78c661f8e1148bbb) Importer(815301076,1909f56bfc062723c751e8b465ee728b)  -> (artifact id: 'c078701985e571f0a05bbd486976476a') in 0.021966 seconds
  Import took 0.025825 seconds .

========================================================================
Received Import Request.
  Time since last request: 1.681399 seconds.
  path: Packages/com.unity.xr.management/README.md
  artifactKey: Guid(88d2132b5a4df4c659790dc2260104b3) Importer(815301076,1909f56bfc062723c751e8b465ee728b)
Start importing Packages/com.unity.xr.management/README.md using Guid(88d2132b5a4df4c659790dc2260104b3) Importer(815301076,1909f56bfc062723c751e8b465ee728b)  -> (artifact id: '90a3368d478d2bdc15594057914b7e41') in 0.060017 seconds
  Import took 0.063520 seconds .

========================================================================
Received Import Request.
  Time since last request: 12.280566 seconds.
  path: Packages/com.unity.xr.management/Editor
  artifactKey: Guid(dcfbcd3f5f6514657924b8e122d97765) Importer(815301076,1909f56bfc062723c751e8b465ee728b)
Start importing Packages/com.unity.xr.management/Editor using Guid(dcfbcd3f5f6514657924b8e122d97765) Importer(815301076,1909f56bfc062723c751e8b465ee728b)  -> (artifact id: 'ed0c8642323087ffff1cc5dd55e2aa7d') in 0.014982 seconds
  Import took 0.018422 seconds .

========================================================================
Received Import Request.
  Time since last request: 3.291390 seconds.
  path: Packages/com.unity.xr.management/Runtime
  artifactKey: Guid(4fb10c2185e1347c4bef41feca4a8845) Importer(815301076,1909f56bfc062723c751e8b465ee728b)
Start importing Packages/com.unity.xr.management/Runtime using Guid(4fb10c2185e1347c4bef41feca4a8845) Importer(815301076,1909f56bfc062723c751e8b465ee728b)  -> (artifact id: '2c20b56cd6fe4430022b0c5ff93d1553') in 0.015095 seconds
  Import took 0.017947 seconds .

========================================================================
Received Import Request.
  Time since last request: 0.033923 seconds.
  path: Packages/com.unity.xr.management/Runtime/Unity.XR.Management.asmdef
  artifactKey: Guid(e40ba710768534012815d3193fa296cb) Importer(815301076,1909f56bfc062723c751e8b465ee728b)
Start importing Packages/com.unity.xr.management/Runtime/Unity.XR.Management.asmdef using Guid(e40ba710768534012815d3193fa296cb) Importer(815301076,1909f56bfc062723c751e8b465ee728b)  -> (artifact id: '931176ea6e77e9c1547766ecd3b8274d') in 0.012595 seconds
  Import took 0.016713 seconds .

========================================================================
Received Import Request.
  Time since last request: 2.135168 seconds.
  path: Packages/com.unity.xr.management/Tests
  artifactKey: Guid(4fadb9d2c47be4b2587eec5da859310c) Importer(815301076,1909f56bfc062723c751e8b465ee728b)
Start importing Packages/com.unity.xr.management/Tests using Guid(4fadb9d2c47be4b2587eec5da859310c) Importer(815301076,1909f56bfc062723c751e8b465ee728b)  -> (artifact id: 'dade1b5286fef879ab1dbf4c69843cc3') in 0.014519 seconds
  Import took 0.018232 seconds .

========================================================================
Received Import Request.
  Time since last request: 3.661910 seconds.
  path: Packages/com.unity.xr.management/Tests/TestTooling
  artifactKey: Guid(a6b025db892bd1c45836749411bbb6f2) Importer(815301076,1909f56bfc062723c751e8b465ee728b)
Start importing Packages/com.unity.xr.management/Tests/TestTooling using Guid(a6b025db892bd1c45836749411bbb6f2) Importer(815301076,1909f56bfc062723c751e8b465ee728b)  -> (artifact id: 'bc60505b9f9368d5f767da7821159bf4') in 0.013879 seconds
  Import took 0.016916 seconds .

========================================================================
Received Import Request.
  Time since last request: 0.047427 seconds.
  path: Packages/com.unity.xr.management/Tests/TestTooling/Unity.XR.TestSupport.asmdef
  artifactKey: Guid(174dd372073128d46a2d10d2daaf414f) Importer(815301076,1909f56bfc062723c751e8b465ee728b)
Start importing Packages/com.unity.xr.management/Tests/TestTooling/Unity.XR.TestSupport.asmdef using Guid(174dd372073128d46a2d10d2daaf414f) Importer(815301076,1909f56bfc062723c751e8b465ee728b)  -> (artifact id: '7437857bde1915b3e35cdfc0c976661d') in 0.011531 seconds
  Import took 0.014659 seconds .

========================================================================
Received Import Request.
  Time since last request: 1.413766 seconds.
  path: Packages/com.unity.xr.management/Tests/TestTooling/README.md
  artifactKey: Guid(823b1590c944c4243ad4b7d942ee197e) Importer(815301076,1909f56bfc062723c751e8b465ee728b)
Start importing Packages/com.unity.xr.management/Tests/TestTooling/README.md using Guid(823b1590c944c4243ad4b7d942ee197e) Importer(815301076,1909f56bfc062723c751e8b465ee728b)  -> (artifact id: '24aff016bd85547e3a26537f5e4034cf') in 0.009544 seconds
  Import took 0.012786 seconds .

========================================================================
Received Import Request.
  Time since last request: 4.628684 seconds.
  path: Packages/com.unity.xr.management/Tests/TestTooling/ManagementTestSetup.cs
  artifactKey: Guid(a500e1fea16b2fa43b644ddf59175b68) Importer(815301076,1909f56bfc062723c751e8b465ee728b)
Start importing Packages/com.unity.xr.management/Tests/TestTooling/ManagementTestSetup.cs using Guid(a500e1fea16b2fa43b644ddf59175b68) Importer(815301076,1909f56bfc062723c751e8b465ee728b)  -> (artifact id: '3fdc5ab566d9e15ec6ba53810bb93b84') in 0.011687 seconds
  Import took 0.014668 seconds .

========================================================================
Received Import Request.
  Time since last request: 0.029952 seconds.
  path: Packages/com.unity.xr.management/Tests/TestTooling/ManagementTestSetup.cs
  artifactKey: Guid(a500e1fea16b2fa43b644ddf59175b68) Importer(815301076,1909f56bfc062723c751e8b465ee728b)
Start importing Packages/com.unity.xr.management/Tests/TestTooling/ManagementTestSetup.cs using Guid(a500e1fea16b2fa43b644ddf59175b68) Importer(815301076,1909f56bfc062723c751e8b465ee728b)  -> (artifact id: '3fdc5ab566d9e15ec6ba53810bb93b84') in 0.009272 seconds
  Import took 0.011945 seconds .

========================================================================
Received Import Request.
  Time since last request: 0.665038 seconds.
  path: Packages/com.unity.xr.management/Tests/TestTooling/LoaderTestSetup.cs
  artifactKey: Guid(57a021d9ff05c6f4588567ea353dee33) Importer(815301076,1909f56bfc062723c751e8b465ee728b)
Start importing Packages/com.unity.xr.management/Tests/TestTooling/LoaderTestSetup.cs using Guid(57a021d9ff05c6f4588567ea353dee33) Importer(815301076,1909f56bfc062723c751e8b465ee728b)  -> (artifact id: '299d7bf7a764c5869b405ff93a3425ac') in 0.014613 seconds
  Import took 0.018610 seconds .

========================================================================
Received Prepare
Registering precompiled user dll's ...
Registered in 0.003832 seconds.
Begin MonoManager ReloadAssembly
Native extension for WindowsStandalone target not found
Refreshing native plugins compatible for Editor in 0.53 ms, found 5 plugins.
Preloading 0 native plugins for Editor in 0.00 ms.
Mono: successfully reloaded assembly
- Completed reload, in  1.206 seconds
Platform modules already initialized, skipping
Refreshing native plugins compatible for Editor in 0.53 ms, found 5 plugins.
Preloading 0 native plugins for Editor in 0.00 ms.
Unloading 1578 Unused Serialized files (Serialized files now loaded: 0)
System memory in use before: 76.9 MB.
System memory in use after: 77.0 MB.

Unloading 22 unused Assets to reduce memory usage. Loaded Objects now: 2094.
Total: 2.238000 ms (FindLiveObjects: 0.249600 ms CreateObjectMapping: 0.037200 ms MarkObjects: 1.889800 ms  DeleteObjects: 0.059800 ms)

========================================================================
Received Import Request.
  Time since last request: 756.083344 seconds.
  path: Packages/com.unity.xr.management/Editor/XRGeneralBuildProcessor.cs
  artifactKey: Guid(aa29f6b16faf667488069bc2272a9364) Importer(815301076,1909f56bfc062723c751e8b465ee728b)
Start importing Packages/com.unity.xr.management/Editor/XRGeneralBuildProcessor.cs using Guid(aa29f6b16faf667488069bc2272a9364) Importer(815301076,1909f56bfc062723c751e8b465ee728b)  -> (artifact id: '7e39ba1e207add53957bc7913c7563f2') in 0.015040 seconds
  Import took 0.018291 seconds .

========================================================================
Received Import Request.
  Time since last request: 0.028914 seconds.
  path: Packages/com.unity.xr.management/Editor/XRGeneralBuildProcessor.cs
  artifactKey: Guid(aa29f6b16faf667488069bc2272a9364) Importer(815301076,1909f56bfc062723c751e8b465ee728b)
Start importing Packages/com.unity.xr.management/Editor/XRGeneralBuildProcessor.cs using Guid(aa29f6b16faf667488069bc2272a9364) Importer(815301076,1909f56bfc062723c751e8b465ee728b)  -> (artifact id: '7e39ba1e207add53957bc7913c7563f2') in 0.008446 seconds
  Import took 0.010872 seconds .

========================================================================
Received Prepare
Registering precompiled user dll's ...
Registered in 0.004264 seconds.
Begin MonoManager ReloadAssembly
Native extension for WindowsStandalone target not found
Refreshing native plugins compatible for Editor in 0.50 ms, found 5 plugins.
Preloading 0 native plugins for Editor in 0.00 ms.
Mono: successfully reloaded assembly
- Completed reload, in  1.073 seconds
Platform modules already initialized, skipping
Refreshing native plugins compatible for Editor in 0.51 ms, found 5 plugins.
Preloading 0 native plugins for Editor in 0.00 ms.
Unloading 1578 Unused Serialized files (Serialized files now loaded: 0)
System memory in use before: 76.9 MB.
System memory in use after: 77.0 MB.

Unloading 22 unused Assets to reduce memory usage. Loaded Objects now: 2098.
Total: 2.201800 ms (FindLiveObjects: 0.184000 ms CreateObjectMapping: 0.037400 ms MarkObjects: 1.917600 ms  DeleteObjects: 0.061500 ms)

========================================================================
Received Prepare
Registering precompiled user dll's ...
Registered in 0.003919 seconds.
Begin MonoManager ReloadAssembly
Native extension for WindowsStandalone target not found
Refreshing native plugins compatible for Editor in 0.48 ms, found 5 plugins.
Preloading 0 native plugins for Editor in 0.00 ms.
Mono: successfully reloaded assembly
- Completed reload, in  1.045 seconds
Platform modules already initialized, skipping
Refreshing native plugins compatible for Editor in 0.60 ms, found 5 plugins.
Preloading 0 native plugins for Editor in 0.00 ms.
Unloading 1578 Unused Serialized files (Serialized files now loaded: 0)
System memory in use before: 76.9 MB.
System memory in use after: 77.0 MB.

Unloading 22 unused Assets to reduce memory usage. Loaded Objects now: 2102.
Total: 2.281700 ms (FindLiveObjects: 0.203900 ms CreateObjectMapping: 0.038500 ms MarkObjects: 1.975600 ms  DeleteObjects: 0.062200 ms)

========================================================================
Received Import Request.
  Time since last request: 783.055585 seconds.
  path: Assets/Scenes/Task Room.unity
  artifactKey: Guid(867c472f85e871840a3cbbf09bd8b997) Importer(815301076,1909f56bfc062723c751e8b465ee728b)
Start importing Assets/Scenes/Task Room.unity using Guid(867c472f85e871840a3cbbf09bd8b997) Importer(815301076,1909f56bfc062723c751e8b465ee728b)  -> (artifact id: 'ac74c4d8a917459db903b6e6bfa93390') in 0.020876 seconds
  Import took 0.024748 seconds .

========================================================================
Received Prepare
Registering precompiled user dll's ...
Registered in 0.003863 seconds.
Begin MonoManager ReloadAssembly
Native extension for WindowsStandalone target not found
Refreshing native plugins compatible for Editor in 0.49 ms, found 5 plugins.
Preloading 0 native plugins for Editor in 0.00 ms.
Mono: successfully reloaded assembly
- Completed reload, in  1.022 seconds
Platform modules already initialized, skipping
Refreshing native plugins compatible for Editor in 0.52 ms, found 5 plugins.
Preloading 0 native plugins for Editor in 0.00 ms.
Unloading 1578 Unused Serialized files (Serialized files now loaded: 0)
System memory in use before: 77.0 MB.
System memory in use after: 77.0 MB.

Unloading 22 unused Assets to reduce memory usage. Loaded Objects now: 2106.
Total: 2.523800 ms (FindLiveObjects: 0.204500 ms CreateObjectMapping: 0.037400 ms MarkObjects: 2.206100 ms  DeleteObjects: 0.073900 ms)

========================================================================
Received Prepare
Registering precompiled user dll's ...
Registered in 0.003927 seconds.
Begin MonoManager ReloadAssembly
Native extension for WindowsStandalone target not found
Refreshing native plugins compatible for Editor in 0.48 ms, found 5 plugins.
Preloading 0 native plugins for Editor in 0.00 ms.
Mono: successfully reloaded assembly
- Completed reload, in  1.030 seconds
Platform modules already initialized, skipping
Refreshing native plugins compatible for Editor in 0.86 ms, found 5 plugins.
Preloading 0 native plugins for Editor in 0.00 ms.
Unloading 1578 Unused Serialized files (Serialized files now loaded: 0)
System memory in use before: 77.0 MB.
System memory in use after: 77.1 MB.

Unloading 22 unused Assets to reduce memory usage. Loaded Objects now: 2110.
Total: 3.899400 ms (FindLiveObjects: 0.316300 ms CreateObjectMapping: 0.085300 ms MarkObjects: 3.415300 ms  DeleteObjects: 0.080600 ms)

========================================================================
Received Prepare
Registering precompiled user dll's ...
Registered in 0.003912 seconds.
Begin MonoManager ReloadAssembly
Native extension for WindowsStandalone target not found
Refreshing native plugins compatible for Editor in 0.50 ms, found 5 plugins.
Preloading 0 native plugins for Editor in 0.00 ms.
Mono: successfully reloaded assembly
- Completed reload, in  1.088 seconds
Platform modules already initialized, skipping
Refreshing native plugins compatible for Editor in 0.48 ms, found 5 plugins.
Preloading 0 native plugins for Editor in 0.00 ms.
Unloading 1578 Unused Serialized files (Serialized files now loaded: 0)
System memory in use before: 77.0 MB.
System memory in use after: 77.1 MB.

Unloading 22 unused Assets to reduce memory usage. Loaded Objects now: 2114.
Total: 2.389500 ms (FindLiveObjects: 0.251500 ms CreateObjectMapping: 0.051800 ms MarkObjects: 2.016400 ms  DeleteObjects: 0.068200 ms)

========================================================================
Received Import Request.
  Time since last request: 232.900255 seconds.
  path: Assets/Scenes/Task Room.unity
  artifactKey: Guid(867c472f85e871840a3cbbf09bd8b997) Importer(815301076,1909f56bfc062723c751e8b465ee728b)
Start importing Assets/Scenes/Task Room.unity using Guid(867c472f85e871840a3cbbf09bd8b997) Importer(815301076,1909f56bfc062723c751e8b465ee728b)  -> (artifact id: '69435f79b3ef838fa618ecdf597286ca') in 0.022743 seconds
  Import took 0.025571 seconds .

========================================================================
Received Prepare
Registering precompiled user dll's ...
Registered in 0.004378 seconds.
Begin MonoManager ReloadAssembly
Native extension for WindowsStandalone target not found
Refreshing native plugins compatible for Editor in 0.52 ms, found 5 plugins.
Preloading 0 native plugins for Editor in 0.00 ms.
Mono: successfully reloaded assembly
- Completed reload, in  1.105 seconds
Platform modules already initialized, skipping
Refreshing native plugins compatible for Editor in 0.62 ms, found 5 plugins.
Preloading 0 native plugins for Editor in 0.00 ms.
Unloading 1578 Unused Serialized files (Serialized files now loaded: 0)
System memory in use before: 77.0 MB.
System memory in use after: 77.1 MB.

Unloading 22 unused Assets to reduce memory usage. Loaded Objects now: 2118.
Total: 2.336900 ms (FindLiveObjects: 0.176800 ms CreateObjectMapping: 0.037600 ms MarkObjects: 2.061700 ms  DeleteObjects: 0.059500 ms)

========================================================================
Received Import Request.
  Time since last request: 83.983771 seconds.
  path: Assets/Scenes/Task Room.unity
  artifactKey: Guid(867c472f85e871840a3cbbf09bd8b997) Importer(815301076,1909f56bfc062723c751e8b465ee728b)
Start importing Assets/Scenes/Task Room.unity using Guid(867c472f85e871840a3cbbf09bd8b997) Importer(815301076,1909f56bfc062723c751e8b465ee728b)  -> (artifact id: '14cbb7a216c598c9d6289cd6fca9481d') in 0.019372 seconds
  Import took 0.022688 seconds .

========================================================================
Received Prepare
Registering precompiled user dll's ...
Registered in 0.004037 seconds.
Begin MonoManager ReloadAssembly
Native extension for WindowsStandalone target not found
Refreshing native plugins compatible for Editor in 0.48 ms, found 5 plugins.
Preloading 0 native plugins for Editor in 0.00 ms.
Mono: successfully reloaded assembly
- Completed reload, in  1.089 seconds
Platform modules already initialized, skipping
Refreshing native plugins compatible for Editor in 0.49 ms, found 5 plugins.
Preloading 0 native plugins for Editor in 0.00 ms.
Unloading 1578 Unused Serialized files (Serialized files now loaded: 0)
System memory in use before: 77.0 MB.
System memory in use after: 77.1 MB.

Unloading 22 unused Assets to reduce memory usage. Loaded Objects now: 2122.
Total: 2.269300 ms (FindLiveObjects: 0.178700 ms CreateObjectMapping: 0.038100 ms MarkObjects: 1.987100 ms  DeleteObjects: 0.063900 ms)

========================================================================
Received Prepare
Registering precompiled user dll's ...
Registered in 0.004790 seconds.
Begin MonoManager ReloadAssembly
Native extension for WindowsStandalone target not found
Refreshing native plugins compatible for Editor in 0.62 ms, found 5 plugins.
Preloading 0 native plugins for Editor in 0.00 ms.
Mono: successfully reloaded assembly
- Completed reload, in  1.007 seconds
Platform modules already initialized, skipping
Refreshing native plugins compatible for Editor in 0.47 ms, found 5 plugins.
Preloading 0 native plugins for Editor in 0.00 ms.
Unloading 1578 Unused Serialized files (Serialized files now loaded: 0)
System memory in use before: 77.0 MB.
System memory in use after: 77.1 MB.

Unloading 22 unused Assets to reduce memory usage. Loaded Objects now: 2126.
Total: 2.146500 ms (FindLiveObjects: 0.165700 ms CreateObjectMapping: 0.038400 ms MarkObjects: 1.880900 ms  DeleteObjects: 0.060200 ms)

AssetImportWorkerClient::OnTransportError - code=2 error=End of file
